<?xml version="1.0" encoding="UTF-8"?>
<!-- Generated by org.testng.reporters.JUnitReportReporter -->
<testsuite hostname="Muhammads-MacBook-Pro.local" failures="0" tests="2" name="com.paymob.gui.tests.com.paymob.gui.test.production.MainPageTest" time="70.189" errors="0" timestamp="2022-08-19T16:35:19 EET" skipped="0">
  <testcase classname="com.paymob.gui.tests.com.paymob.gui.test.production.MainPageTest" name="Preview_Main_Page_Functions" time="46.535"/>
  <system-out>
    <![CDATA[
################################################################################################################################################
Starting Execution:"2 out of 2" test cases in the current suite
Test Method:"com.paymob.gui.tests.com.paymob.gui.test.production.MainPageTest.Preview_Main_Page_Functions"
Test Description:"Preview Main Page Functions"
################################################################################################################################################
[ReportManager] File Action "CreateFile" successfully performed. With the following test data "Target Folder: "allure-results//screenshots/20220819-163318", Target File: "/1660919659385_Preview_Main_Page_Functions.gif"". @19-08-2022 16:34:19.0857 PM
[ReportManager] Click "Home". @19-08-2022 16:34:20.0699 PM
[ReportManager] Click "Payments". @19-08-2022 16:34:23.0481 PM
[ReportManager] Click "Transactions". @19-08-2022 16:34:26.0201 PM
[ReportManager] Click "Orders". @19-08-2022 16:34:29.0401 PM
[ReportManager] Click "Transfers". @19-08-2022 16:34:32.0958 PM
[ReportManager] Click "Payment Links". @19-08-2022 16:34:35.0660 PM
[ReportManager] Click "Products". @19-08-2022 16:34:38.0413 PM
[ReportManager] Click "Invoices". @19-08-2022 16:34:41.0325 PM
[ReportManager] Click "Reports". @19-08-2022 16:34:44.0032 PM
[ReportManager] Click "Users". @19-08-2022 16:34:47.0012 PM
[ReportManager] Click "Developers". @19-08-2022 16:34:49.0780 PM
[ReportManager] Click "Payment Integrations". @19-08-2022 16:34:52.0368 PM
[ReportManager] Click "Iframes". @19-08-2022 16:34:54.0913 PM
[ReportManager] Click "Terminal Management". @19-08-2022 16:34:57.0870 PM
[ReportManager] Click "Devices (POS)". @19-08-2022 16:35:00.0685 PM
[ReportManager] Click "Branches". @19-08-2022 16:35:03.0212 PM
[ReportManager] Successfully created attachment "Animated Gif - Preview_Main_Page_Functions" @19-08-2022 16:35:03.0223 PM
[ReportManager] Successfully created attachment "SHAFT Engine Logs - Current Method log: Preview_Main_Page_Functions" @19-08-2022 16:35:03.0224 PM
[ReportManager] Switch to default content. @19-08-2022 16:35:03.0227 PM]]>
  </system-out>
  <testcase classname="com.paymob.gui.tests.com.paymob.gui.test.production.MainPageTest" name="Login" time="23.654"/>
  <system-out>
    <![CDATA[
################################################################################################################################################
Starting Execution:"1 out of 2" test cases in the current suite
Test Method:"com.paymob.gui.tests.com.paymob.gui.test.production.MainPageTest.Login"
Test Description:"Login Paymob Dashboard "
################################################################################################################################################
[ReportManager] File Action "CreateFile" successfully performed. With the following test data "Target Folder: "allure-results//screenshots/20220819-163318", Target File: "/1660919637330_Login.gif"". @19-08-2022 16:33:57.0943 PM
[ReportManager] Type "Ehabnaga". @19-08-2022 16:33:58.0163 PM
[ReportManager] Type "Ehab@1212". @19-08-2022 16:34:02.0586 PM
[ReportManager] Click "Sign in". @19-08-2022 16:34:06.0799 PM
[ReportManager] Get text "Sign in". @19-08-2022 16:34:06.0947 PM
[ReportManager] Assertion Passed: The Element located by "By.xpath: //*[@id="root"]/div[2]/div/div/div[2]/form/fieldset/legend" text contains "Sign in". @19-08-2022 16:34:16.0457 PM
[ReportManager] Successfully created attachment "Screenshot - 1660919655205_Login_ValidateElementAttribute_passed" @19-08-2022 16:34:16.0515 PM
[ReportManager] Successfully created attachment "Animated Gif - Login" @19-08-2022 16:34:16.0523 PM
[ReportManager] Successfully created attachment "SHAFT Engine Logs - Current Method log: Login" @19-08-2022 16:34:16.0526 PM
[ReportManager] Switch to default content. @19-08-2022 16:34:16.0561 PM]]>
  </system-out>
</testsuite> <!-- com.paymob.gui.tests.com.paymob.gui.test.production.MainPageTest -->
