<?xml version="1.0" encoding="UTF-8"?>
<!-- Generated by org.testng.reporters.JUnitReportReporter -->
<testsuite hostname="Muhammads-MacBook-Pro.local" failures="0" tests="1" name="com.paymob.gui.tests.com.paymob.gui.test.production.SignUpTest" time="19.187" errors="0" timestamp="2022-08-20T16:45:34 EET" skipped="0">
  <testcase classname="com.paymob.gui.tests.com.paymob.gui.test.production.SignUpTest" name="Paymob_Sign_Up" time="19.187"/>
  <system-out>
    <![CDATA[
################################################################################################################################################
Starting Execution:"1 out of 1" test cases in the current suite
Test Method:"com.paymob.gui.tests.com.paymob.gui.test.production.SignUpTest.Paymob_Sign_Up"
Test Description:"Login Paymob Dashboard "
################################################################################################################################################
[ReportManager] File Action "CreateFile" successfully performed. With the following test data "Target Folder: "allure-results//screenshots/20220820-164440", Target File: "/1661006712273_Paymob_Sign_Up.gif"". @20-08-2022 16:45:12.0936 PM
[ReportManager] Click "Sign Up". @20-08-2022 16:45:14.0295 PM
[ReportManager] Type "01004822119". @20-08-2022 16:45:20.0221 PM
[ReportManager] Click "Next". @20-08-2022 16:45:23.0892 PM
[ReportManager] Get text "Create your Paymob account". @20-08-2022 16:45:23.0946 PM
[ReportManager] Get text "Create your Paymob account". @20-08-2022 16:45:24.0117 PM
[ReportManager] Assertion Passed: The Element located by "By.xpath: //p[@class='sub-title']" text contains "Paymob account". @20-08-2022 16:45:28.0388 PM
[ReportManager] Successfully created attachment "Screenshot - 1661006727191_Paymob_Sign_Up_ValidateElementAttribute_passed" @20-08-2022 16:45:28.0439 PM
[ReportManager] Successfully created attachment "Animated Gif - Paymob_Sign_Up" @20-08-2022 16:45:28.0448 PM
[ReportManager] Successfully created attachment "SHAFT Engine Logs - Current Method log: Paymob_Sign_Up" @20-08-2022 16:45:28.0450 PM
[ReportManager] Switch to default content. @20-08-2022 16:45:28.0613 PM]]>
  </system-out>
</testsuite> <!-- com.paymob.gui.tests.com.paymob.gui.test.production.SignUpTest -->
