<?xml version="1.0" encoding="UTF-8"?>
<!-- Generated by org.testng.reporters.JUnitReportReporter -->
<testsuite hostname="Muhammads-MacBook-Pro.local" failures="0" tests="1" name="Login_Test" time="33.981" errors="0" timestamp="2022-08-18T18:49:03 EET" skipped="0">
  <testcase classname="Login_Test" name="test" time="33.981"/>
  <system-out>
    <![CDATA[
################################################################################################################################################
Starting Execution:"1 out of 1" test cases in the current suite
Test Method:"Login_Test.test"
################################################################################################################################################
[ReportManager] Target URL: "https://www.google.com/" @18-08-2022 18:48:28.0829 PM
[ReportManager] Initial URL: "data:," @18-08-2022 18:48:28.0851 PM
[ReportManager] Navigate to url "https://www.google.com/". @18-08-2022 18:48:34.0718 PM
[ReportManager] Get current window title "Google". @18-08-2022 18:48:34.0761 PM
[ReportManager] Verification Passed: The Browser title is equal to "Google". @18-08-2022 18:48:38.0238 PM
[ReportManager] Successfully created attachment "Screenshot - 1660841316401_test_ValidateBrowserAttribute_passed" @18-08-2022 18:48:38.0286 PM
[ReportManager] File Action "DoesFileExist" successfully performed. With the following test data "File Path: "src/test/resources/testDataFiles/simpleJSON.json"". @18-08-2022 18:48:38.0292 PM
[ReportManager] File Action "GetAbsolutePath" successfully performed. With the following test data "Relative Folder Path: "src/test/resources/testDataFiles/simpleJSON.json"". @18-08-2022 18:48:38.0292 PM
[ReportManager] Type "SHAFT_Engine". @18-08-2022 18:48:41.0506 PM
[ReportManager] Key press "ENTER". @18-08-2022 18:48:55.0333 PM
[ReportManager] Get text "حوالى 708,000 نتيجة (0.52 ثانية)". @18-08-2022 18:48:55.0407 PM
[ReportManager] Assertion Passed: Check that result stats is not empty @18-08-2022 18:49:02.0743 PM
[ReportManager] Successfully created attachment "Screenshot - 1660841340900_test_ValidateElementAttribute_passed" @18-08-2022 18:49:02.0756 PM
[ReportManager] Successfully created attachment "SHAFT Engine Logs - Current Method log: test" @18-08-2022 18:49:02.0785 PM
[ReportManager] Switch to default content. @18-08-2022 18:49:02.0814 PM]]>
  </system-out>
</testsuite> <!-- Login_Test -->
