<?xml version="1.0" encoding="UTF-8"?>
<!-- Generated by org.testng.reporters.JUnitReportReporter -->
<testsuite hostname="Muhammads-MacBook-Pro.local" failures="0" tests="1" name="com.paymob.gui.tests.MainPageTest" time="9.930" errors="0" timestamp="2022-08-18T22:43:17 EET" skipped="0">
  <testcase classname="com.paymob.gui.tests.MainPageTest" name="Login" time="9.930"/>
  <system-out>
    <![CDATA[
################################################################################################################################################
Starting Execution:"1 out of 1" test cases in the current suite
Test Method:"com.paymob.gui.tests.MainPageTest.Login"
Test Description:"Login Paymob Dashboard "
################################################################################################################################################
[ReportManager] File Action "CreateFile" successfully performed. With the following test data "Target Folder: "allure-results//screenshots/20220818-224244", Target File: "/1660855384691_Login.gif"". @18-08-2022 22:43:04.0859 PM
[ReportManager] Type "01008884767". @18-08-2022 22:43:05.0132 PM
[ReportManager] Type "Sultan@160884". @18-08-2022 22:43:07.0493 PM
[ReportManager] Click "Sign in". @18-08-2022 22:43:10.0247 PM
[ReportManager] Get text "Sign in". @18-08-2022 22:43:10.0412 PM
[ReportManager] Assertion Passed: The Element located by "By.xpath: //*[@id="root"]/div[2]/div/div/div[2]/form/fieldset/legend" text contains "Sign in". @18-08-2022 22:43:12.0761 PM
[ReportManager] Successfully created attachment "Screenshot - 1660855392416_Login_ValidateElementAttribute_passed" @18-08-2022 22:43:12.0819 PM
[ReportManager] Successfully created attachment "Animated Gif - Login" @18-08-2022 22:43:12.0828 PM
[ReportManager] Successfully created attachment "SHAFT Engine Logs - Current Method log: Login" @18-08-2022 22:43:12.0830 PM
[ReportManager] Switch to default content. @18-08-2022 22:43:12.0843 PM]]>
  </system-out>
</testsuite> <!-- com.paymob.gui.tests.MainPageTest -->
