<?xml version="1.0" encoding="UTF-8"?>
<!-- Generated by org.testng.reporters.JUnitReportReporter -->
<testsuite hostname="Muhammad-Sultan" failures="0" tests="2" name="com.paymob.gui.tests.MainPageTest" time="20.589" errors="0" timestamp="2022-08-19T14:58:44 EET" skipped="0">
  <testcase classname="com.paymob.gui.tests.MainPageTest" name="Preview_Main_Page_Functions" time="16.387"/>
  <system-out>
    <![CDATA[
################################################################################################################################################
Starting Execution:"2 out of 2" test cases in the current suite
Test Method:"com.paymob.gui.tests.MainPageTest.Preview_Main_Page_Functions"
Test Description:"Preview Main Page Functions"
################################################################################################################################################
[ReportManager] File Action "CreateFile" successfully performed. With the following test data "Target Folder: "allure-results//screenshots/20220819-145754", Target File: "\1660913902827_Preview_Main_Page_Functions.gif"". @19-08-2022 14:58:22.0895 PM
[ReportManager] Click "Home". @19-08-2022 14:58:23.0253 PM
[ReportManager] Click "Payments". @19-08-2022 14:58:23.0981 PM
[ReportManager] Click "Transactions". @19-08-2022 14:58:24.0772 PM
[ReportManager] Click "Orders". @19-08-2022 14:58:25.0587 PM
[ReportManager] Click "Transfers". @19-08-2022 14:58:26.0401 PM
[ReportManager] Click "Payment Links". @19-08-2022 14:58:27.0198 PM
[ReportManager] Click "Products". @19-08-2022 14:58:27.0878 PM
[ReportManager] Click "Invoices". @19-08-2022 14:58:28.0622 PM
[ReportManager] Click "Reports". @19-08-2022 14:58:29.0351 PM
[ReportManager] Click "Users". @19-08-2022 14:58:30.0520 PM
[ReportManager] Click "Developers". @19-08-2022 14:58:31.0391 PM
[ReportManager] Click "Payment Integrations". @19-08-2022 14:58:32.0127 PM
[ReportManager] Click "Iframes". @19-08-2022 14:58:32.0912 PM
[ReportManager] Click "Terminal Management". @19-08-2022 14:58:33.0625 PM
[ReportManager] Click "Devices (POS)". @19-08-2022 14:58:34.0337 PM
[ReportManager] Click "Branches". @19-08-2022 14:58:35.0041 PM
[ReportManager] Successfully created attachment "Animated Gif - Preview_Main_Page_Functions" @19-08-2022 14:58:35.0049 PM
[ReportManager] Successfully created attachment "SHAFT Engine Logs - Current Method log: Preview_Main_Page_Functions" @19-08-2022 14:58:35.0049 PM
[ReportManager] Switch to default content. @19-08-2022 14:58:35.0057 PM]]>
  </system-out>
  <testcase classname="com.paymob.gui.tests.MainPageTest" name="Login" time="4.202"/>
  <system-out>
    <![CDATA[
################################################################################################################################################
Starting Execution:"1 out of 2" test cases in the current suite
Test Method:"com.paymob.gui.tests.MainPageTest.Login"
Test Description:"Login Paymob Dashboard "
################################################################################################################################################
[ReportManager] File Action "CreateFile" successfully performed. With the following test data "Target Folder: "allure-results//screenshots/20220819-145754", Target File: "\1660913895217_Login.gif"". @19-08-2022 14:58:15.0376 PM
[ReportManager] Type "Ehabnaga". @19-08-2022 14:58:15.0678 PM
[ReportManager] Type "Ehab@1212". @19-08-2022 14:58:16.0648 PM
[ReportManager] Click "Sign in". @19-08-2022 14:58:17.0566 PM
[ReportManager] Get text "Sign in". @19-08-2022 14:58:17.0654 PM
[ReportManager] Assertion Passed: The Element located by "By.xpath: //*[@id="root"]/div[2]/div/div/div[2]/form/fieldset/legend" text contains "Sign in". @19-08-2022 14:58:18.0438 PM
[ReportManager] Successfully created attachment "Screenshot - 1660913898302_Login_ValidateElementAttribute_passed" @19-08-2022 14:58:18.0494 PM
[ReportManager] Successfully created attachment "Animated Gif - Login" @19-08-2022 14:58:18.0502 PM
[ReportManager] Successfully created attachment "SHAFT Engine Logs - Current Method log: Login" @19-08-2022 14:58:18.0502 PM
[ReportManager] Switch to default content. @19-08-2022 14:58:18.0510 PM]]>
  </system-out>
</testsuite> <!-- com.paymob.gui.tests.MainPageTest -->
